<?xml version="1.0" encoding="utf-8" standalone="no"?>
<!--This file represents the results of running a test suite-->
<test-results name="C:\SMARTTrack-MAIN-Automation-cwcreation\packages\NUnit-2.6.4\bin\NUnitTests.nunit" total="1" errors="0" failures="0" not-run="0" inconclusive="0" ignored="0" skipped="0" invalid="0" date="2018-06-28" time="02:57:03">
  <environment nunit-version="2.6.4.14350" clr-version="4.0.30319.42000" os-version="Microsoft Windows NT 6.2.9200.0" platform="Win32NT" cwd="C:\SMARTTrack-MAIN-Automation-cwcreation\SmartTrack\bin\Debug" machine-name="VDI-QA-55" user="srinivasreddy.kotha" user-domain="DCR" />
  <culture-info current-culture="en-US" current-uiculture="en-US" />
  <test-suite type="Project" name="C:\SMARTTrack-MAIN-Automation-cwcreation\packages\NUnit-2.6.4\bin\NUnitTests.nunit" executed="True" result="Success" success="True" time="1040.531" asserts="0">
    <results>
      <test-suite type="Assembly" name="C:\SMARTTrack-MAIN-Automation-cwcreation\packages\NUnit-2.6.4\bin\..\..\..\SmartTrack\bin\Debug\SmartTrack.dll" executed="True" result="Success" success="True" time="1040.531" asserts="0">
        <results>
          <test-suite type="Namespace" name="SmartTrack_Automation" executed="True" result="Success" success="True" time="1040.530" asserts="0">
            <results>
              <test-suite type="TestFixture" name="SmartTrack" executed="True" result="Success" success="True" time="1040.530" asserts="0">
                <results>
                  <test-case name="SmartTrack_Automation.SmartTrack.TestStart" executed="True" result="Success" success="True" time="1040.528" asserts="0" />
                </results>
              </test-suite>
            </results>
          </test-suite>
        </results>
      </test-suite>
    </results>
  </test-suite>
</test-results>